<?xml version="1.0" encoding="UTF-8"?>
<testsuite xmlns:xsi="http://www.w3.org/2001/XMLSchema-instance" xsi:noNamespaceSchemaLocation="https://maven.apache.org/surefire/maven-surefire-plugin/xsd/surefire-test-report-3.0.xsd" version="3.0" name="org.mps.person.PersonTest" time="0.066" tests="8" errors="0" skipped="0" failures="0">
  <properties>
[...]
</properties>
  <testcase name="TestListAverage" classname="org.mps.person.PersonTest" time="0.029"/>
  <testcase name="TestIncorrectGenderLowerCase" classname="org.mps.person.PersonTest" time="0.003"/>
  <testcase name="TestNegativeAge" classname="org.mps.person.PersonTest" time="0.001"/>
  <testcase name="TestName" classname="org.mps.person.PersonTest" time="0.002"/>
  <testcase name="TestGender" classname="org.mps.person.PersonTest" time="0.001"/>
  <testcase name="TestIncorrectGenderUpperCase" classname="org.mps.person.PersonTest" time="0.002"/>
  <testcase name="TestIncorrectGender" classname="org.mps.person.PersonTest" time="0.001"/>
  <testcase name="TestAge" classname="org.mps.person.PersonTest" time="0.001"/>
</testsuite>